{"message":"cannot find type `Rocket` in this scope","code":{"code":"E0412","explanation":"A used type name is not in scope.\n\nErroneous code examples:\n\n```compile_fail,E0412\nimpl Something {} // error: type name `Something` is not in scope\n\n// or:\n\ntrait Foo {\n    fn bar(N); // error: type name `N` is not in scope\n}\n\n// or:\n\nfn foo(x: T) {} // type name `T` is not in scope\n```\n\nTo fix this error, please verify you didn't misspell the type name, you did\ndeclare it or imported it into the scope. Examples:\n\n```\nstruct Something;\n\nimpl Something {} // ok!\n\n// or:\n\ntrait Foo {\n    type N;\n\n    fn bar(_: Self::N); // ok!\n}\n\n// or:\n\nfn foo<T>(x: T) {} // ok!\n```\n\nAnother case that causes this error is when a type is imported into a parent\nmodule. To fix this, you can follow the suggestion and use File directly or\n`use super::File;` which will import the types from the parent namespace. An\nexample that causes this error is below:\n\n```compile_fail,E0412\nuse std::fs::File;\n\nmod foo {\n    fn some_function(f: File) {}\n}\n```\n\n```\nuse std::fs::File;\n\nmod foo {\n    // either\n    use super::File;\n    // or\n    // use std::fs::File;\n    fn foo(f: File) {}\n}\n# fn main() {} // don't insert it for us; that'll break imports\n```\n"},"level":"error","spans":[{"file_name":"src/main.rs","byte_start":2513,"byte_end":2519,"line_start":87,"line_end":87,"column_start":36,"column_end":42,"is_primary":true,"text":[{"text":"async fn run_db_migrations(rocket: Rocket<Build>)-> Result<Rocket<Build>,Rocket<Build>>{","highlight_start":36,"highlight_end":42}],"label":"not found in this scope","suggested_replacement":null,"suggestion_applicability":null,"expansion":null}],"children":[{"message":"consider importing this struct","code":null,"level":"help","spans":[{"file_name":"src/main.rs","byte_start":219,"byte_end":219,"line_start":15,"line_end":15,"column_start":1,"column_end":1,"is_primary":true,"text":[{"text":"use models::*;","highlight_start":1,"highlight_end":1}],"label":null,"suggested_replacement":"use rocket::Rocket;\n","suggestion_applicability":"MaybeIncorrect","expansion":null}],"children":[],"rendered":null}],"rendered":"\u001b[0m\u001b[1m\u001b[38;5;9merror[E0412]\u001b[0m\u001b[0m\u001b[1m: cannot find type `Rocket` in this scope\u001b[0m\n\u001b[0m  \u001b[0m\u001b[0m\u001b[1m\u001b[38;5;12m--> \u001b[0m\u001b[0msrc/main.rs:87:36\u001b[0m\n\u001b[0m   \u001b[0m\u001b[0m\u001b[1m\u001b[38;5;12m|\u001b[0m\n\u001b[0m\u001b[1m\u001b[38;5;12m87\u001b[0m\u001b[0m \u001b[0m\u001b[0m\u001b[1m\u001b[38;5;12m|\u001b[0m\u001b[0m \u001b[0m\u001b[0masync fn run_db_migrations(rocket: Rocket<Build>)-> Result<Rocket<Build>,Rocket<Build>>{\u001b[0m\n\u001b[0m   \u001b[0m\u001b[0m\u001b[1m\u001b[38;5;12m| \u001b[0m\u001b[0m                                   \u001b[0m\u001b[0m\u001b[1m\u001b[38;5;9m^^^^^^\u001b[0m\u001b[0m \u001b[0m\u001b[0m\u001b[1m\u001b[38;5;9mnot found in this scope\u001b[0m\n\u001b[0m   \u001b[0m\u001b[0m\u001b[1m\u001b[38;5;12m|\u001b[0m\n\u001b[0m\u001b[1m\u001b[38;5;14mhelp\u001b[0m\u001b[0m: consider importing this struct\u001b[0m\n\u001b[0m   \u001b[0m\u001b[0m\u001b[1m\u001b[38;5;12m|\u001b[0m\n\u001b[0m\u001b[1m\u001b[38;5;12m15\u001b[0m\u001b[0m \u001b[0m\u001b[0m\u001b[38;5;10m+ use rocket::Rocket;\u001b[0m\n\u001b[0m   \u001b[0m\u001b[0m\u001b[1m\u001b[38;5;12m|\u001b[0m\n\n"}
{"message":"cannot find type `Build` in this scope","code":{"code":"E0412","explanation":"A used type name is not in scope.\n\nErroneous code examples:\n\n```compile_fail,E0412\nimpl Something {} // error: type name `Something` is not in scope\n\n// or:\n\ntrait Foo {\n    fn bar(N); // error: type name `N` is not in scope\n}\n\n// or:\n\nfn foo(x: T) {} // type name `T` is not in scope\n```\n\nTo fix this error, please verify you didn't misspell the type name, you did\ndeclare it or imported it into the scope. Examples:\n\n```\nstruct Something;\n\nimpl Something {} // ok!\n\n// or:\n\ntrait Foo {\n    type N;\n\n    fn bar(_: Self::N); // ok!\n}\n\n// or:\n\nfn foo<T>(x: T) {} // ok!\n```\n\nAnother case that causes this error is when a type is imported into a parent\nmodule. To fix this, you can follow the suggestion and use File directly or\n`use super::File;` which will import the types from the parent namespace. An\nexample that causes this error is below:\n\n```compile_fail,E0412\nuse std::fs::File;\n\nmod foo {\n    fn some_function(f: File) {}\n}\n```\n\n```\nuse std::fs::File;\n\nmod foo {\n    // either\n    use super::File;\n    // or\n    // use std::fs::File;\n    fn foo(f: File) {}\n}\n# fn main() {} // don't insert it for us; that'll break imports\n```\n"},"level":"error","spans":[{"file_name":"src/main.rs","byte_start":2520,"byte_end":2525,"line_start":87,"line_end":87,"column_start":43,"column_end":48,"is_primary":true,"text":[{"text":"async fn run_db_migrations(rocket: Rocket<Build>)-> Result<Rocket<Build>,Rocket<Build>>{","highlight_start":43,"highlight_end":48}],"label":"not found in this scope","suggested_replacement":null,"suggestion_applicability":null,"expansion":null}],"children":[{"message":"consider importing this enum","code":null,"level":"help","spans":[{"file_name":"src/main.rs","byte_start":219,"byte_end":219,"line_start":15,"line_end":15,"column_start":1,"column_end":1,"is_primary":true,"text":[{"text":"use models::*;","highlight_start":1,"highlight_end":1}],"label":null,"suggested_replacement":"use rocket::Build;\n","suggestion_applicability":"MaybeIncorrect","expansion":null}],"children":[],"rendered":null}],"rendered":"\u001b[0m\u001b[1m\u001b[38;5;9merror[E0412]\u001b[0m\u001b[0m\u001b[1m: cannot find type `Build` in this scope\u001b[0m\n\u001b[0m  \u001b[0m\u001b[0m\u001b[1m\u001b[38;5;12m--> \u001b[0m\u001b[0msrc/main.rs:87:43\u001b[0m\n\u001b[0m   \u001b[0m\u001b[0m\u001b[1m\u001b[38;5;12m|\u001b[0m\n\u001b[0m\u001b[1m\u001b[38;5;12m87\u001b[0m\u001b[0m \u001b[0m\u001b[0m\u001b[1m\u001b[38;5;12m|\u001b[0m\u001b[0m \u001b[0m\u001b[0masync fn run_db_migrations(rocket: Rocket<Build>)-> Result<Rocket<Build>,Rocket<Build>>{\u001b[0m\n\u001b[0m   \u001b[0m\u001b[0m\u001b[1m\u001b[38;5;12m| \u001b[0m\u001b[0m                                          \u001b[0m\u001b[0m\u001b[1m\u001b[38;5;9m^^^^^\u001b[0m\u001b[0m \u001b[0m\u001b[0m\u001b[1m\u001b[38;5;9mnot found in this scope\u001b[0m\n\u001b[0m   \u001b[0m\u001b[0m\u001b[1m\u001b[38;5;12m|\u001b[0m\n\u001b[0m\u001b[1m\u001b[38;5;14mhelp\u001b[0m\u001b[0m: consider importing this enum\u001b[0m\n\u001b[0m   \u001b[0m\u001b[0m\u001b[1m\u001b[38;5;12m|\u001b[0m\n\u001b[0m\u001b[1m\u001b[38;5;12m15\u001b[0m\u001b[0m \u001b[0m\u001b[0m\u001b[38;5;10m+ use rocket::Build;\u001b[0m\n\u001b[0m   \u001b[0m\u001b[0m\u001b[1m\u001b[38;5;12m|\u001b[0m\n\n"}
{"message":"cannot find type `Rocket` in this scope","code":{"code":"E0412","explanation":"A used type name is not in scope.\n\nErroneous code examples:\n\n```compile_fail,E0412\nimpl Something {} // error: type name `Something` is not in scope\n\n// or:\n\ntrait Foo {\n    fn bar(N); // error: type name `N` is not in scope\n}\n\n// or:\n\nfn foo(x: T) {} // type name `T` is not in scope\n```\n\nTo fix this error, please verify you didn't misspell the type name, you did\ndeclare it or imported it into the scope. Examples:\n\n```\nstruct Something;\n\nimpl Something {} // ok!\n\n// or:\n\ntrait Foo {\n    type N;\n\n    fn bar(_: Self::N); // ok!\n}\n\n// or:\n\nfn foo<T>(x: T) {} // ok!\n```\n\nAnother case that causes this error is when a type is imported into a parent\nmodule. To fix this, you can follow the suggestion and use File directly or\n`use super::File;` which will import the types from the parent namespace. An\nexample that causes this error is below:\n\n```compile_fail,E0412\nuse std::fs::File;\n\nmod foo {\n    fn some_function(f: File) {}\n}\n```\n\n```\nuse std::fs::File;\n\nmod foo {\n    // either\n    use super::File;\n    // or\n    // use std::fs::File;\n    fn foo(f: File) {}\n}\n# fn main() {} // don't insert it for us; that'll break imports\n```\n"},"level":"error","spans":[{"file_name":"src/main.rs","byte_start":2537,"byte_end":2543,"line_start":87,"line_end":87,"column_start":60,"column_end":66,"is_primary":true,"text":[{"text":"async fn run_db_migrations(rocket: Rocket<Build>)-> Result<Rocket<Build>,Rocket<Build>>{","highlight_start":60,"highlight_end":66}],"label":"not found in this scope","suggested_replacement":null,"suggestion_applicability":null,"expansion":null}],"children":[{"message":"consider importing this struct","code":null,"level":"help","spans":[{"file_name":"src/main.rs","byte_start":219,"byte_end":219,"line_start":15,"line_end":15,"column_start":1,"column_end":1,"is_primary":true,"text":[{"text":"use models::*;","highlight_start":1,"highlight_end":1}],"label":null,"suggested_replacement":"use rocket::Rocket;\n","suggestion_applicability":"MaybeIncorrect","expansion":null}],"children":[],"rendered":null}],"rendered":"\u001b[0m\u001b[1m\u001b[38;5;9merror[E0412]\u001b[0m\u001b[0m\u001b[1m: cannot find type `Rocket` in this scope\u001b[0m\n\u001b[0m  \u001b[0m\u001b[0m\u001b[1m\u001b[38;5;12m--> \u001b[0m\u001b[0msrc/main.rs:87:60\u001b[0m\n\u001b[0m   \u001b[0m\u001b[0m\u001b[1m\u001b[38;5;12m|\u001b[0m\n\u001b[0m\u001b[1m\u001b[38;5;12m87\u001b[0m\u001b[0m \u001b[0m\u001b[0m\u001b[1m\u001b[38;5;12m|\u001b[0m\u001b[0m \u001b[0m\u001b[0masync fn run_db_migrations(rocket: Rocket<Build>)-> Result<Rocket<Build>,Rocket<Build>>{\u001b[0m\n\u001b[0m   \u001b[0m\u001b[0m\u001b[1m\u001b[38;5;12m| \u001b[0m\u001b[0m                                                           \u001b[0m\u001b[0m\u001b[1m\u001b[38;5;9m^^^^^^\u001b[0m\u001b[0m \u001b[0m\u001b[0m\u001b[1m\u001b[38;5;9mnot found in this scope\u001b[0m\n\u001b[0m   \u001b[0m\u001b[0m\u001b[1m\u001b[38;5;12m|\u001b[0m\n\u001b[0m\u001b[1m\u001b[38;5;14mhelp\u001b[0m\u001b[0m: consider importing this struct\u001b[0m\n\u001b[0m   \u001b[0m\u001b[0m\u001b[1m\u001b[38;5;12m|\u001b[0m\n\u001b[0m\u001b[1m\u001b[38;5;12m15\u001b[0m\u001b[0m \u001b[0m\u001b[0m\u001b[38;5;10m+ use rocket::Rocket;\u001b[0m\n\u001b[0m   \u001b[0m\u001b[0m\u001b[1m\u001b[38;5;12m|\u001b[0m\n\n"}
{"message":"cannot find type `Build` in this scope","code":{"code":"E0412","explanation":"A used type name is not in scope.\n\nErroneous code examples:\n\n```compile_fail,E0412\nimpl Something {} // error: type name `Something` is not in scope\n\n// or:\n\ntrait Foo {\n    fn bar(N); // error: type name `N` is not in scope\n}\n\n// or:\n\nfn foo(x: T) {} // type name `T` is not in scope\n```\n\nTo fix this error, please verify you didn't misspell the type name, you did\ndeclare it or imported it into the scope. Examples:\n\n```\nstruct Something;\n\nimpl Something {} // ok!\n\n// or:\n\ntrait Foo {\n    type N;\n\n    fn bar(_: Self::N); // ok!\n}\n\n// or:\n\nfn foo<T>(x: T) {} // ok!\n```\n\nAnother case that causes this error is when a type is imported into a parent\nmodule. To fix this, you can follow the suggestion and use File directly or\n`use super::File;` which will import the types from the parent namespace. An\nexample that causes this error is below:\n\n```compile_fail,E0412\nuse std::fs::File;\n\nmod foo {\n    fn some_function(f: File) {}\n}\n```\n\n```\nuse std::fs::File;\n\nmod foo {\n    // either\n    use super::File;\n    // or\n    // use std::fs::File;\n    fn foo(f: File) {}\n}\n# fn main() {} // don't insert it for us; that'll break imports\n```\n"},"level":"error","spans":[{"file_name":"src/main.rs","byte_start":2544,"byte_end":2549,"line_start":87,"line_end":87,"column_start":67,"column_end":72,"is_primary":true,"text":[{"text":"async fn run_db_migrations(rocket: Rocket<Build>)-> Result<Rocket<Build>,Rocket<Build>>{","highlight_start":67,"highlight_end":72}],"label":"not found in this scope","suggested_replacement":null,"suggestion_applicability":null,"expansion":null}],"children":[{"message":"consider importing this enum","code":null,"level":"help","spans":[{"file_name":"src/main.rs","byte_start":219,"byte_end":219,"line_start":15,"line_end":15,"column_start":1,"column_end":1,"is_primary":true,"text":[{"text":"use models::*;","highlight_start":1,"highlight_end":1}],"label":null,"suggested_replacement":"use rocket::Build;\n","suggestion_applicability":"MaybeIncorrect","expansion":null}],"children":[],"rendered":null}],"rendered":"\u001b[0m\u001b[1m\u001b[38;5;9merror[E0412]\u001b[0m\u001b[0m\u001b[1m: cannot find type `Build` in this scope\u001b[0m\n\u001b[0m  \u001b[0m\u001b[0m\u001b[1m\u001b[38;5;12m--> \u001b[0m\u001b[0msrc/main.rs:87:67\u001b[0m\n\u001b[0m   \u001b[0m\u001b[0m\u001b[1m\u001b[38;5;12m|\u001b[0m\n\u001b[0m\u001b[1m\u001b[38;5;12m87\u001b[0m\u001b[0m \u001b[0m\u001b[0m\u001b[1m\u001b[38;5;12m|\u001b[0m\u001b[0m \u001b[0m\u001b[0masync fn run_db_migrations(rocket: Rocket<Build>)-> Result<Rocket<Build>,Rocket<Build>>{\u001b[0m\n\u001b[0m   \u001b[0m\u001b[0m\u001b[1m\u001b[38;5;12m| \u001b[0m\u001b[0m                                                                  \u001b[0m\u001b[0m\u001b[1m\u001b[38;5;9m^^^^^\u001b[0m\u001b[0m \u001b[0m\u001b[0m\u001b[1m\u001b[38;5;9mnot found in this scope\u001b[0m\n\u001b[0m   \u001b[0m\u001b[0m\u001b[1m\u001b[38;5;12m|\u001b[0m\n\u001b[0m\u001b[1m\u001b[38;5;14mhelp\u001b[0m\u001b[0m: consider importing this enum\u001b[0m\n\u001b[0m   \u001b[0m\u001b[0m\u001b[1m\u001b[38;5;12m|\u001b[0m\n\u001b[0m\u001b[1m\u001b[38;5;12m15\u001b[0m\u001b[0m \u001b[0m\u001b[0m\u001b[38;5;10m+ use rocket::Build;\u001b[0m\n\u001b[0m   \u001b[0m\u001b[0m\u001b[1m\u001b[38;5;12m|\u001b[0m\n\n"}
{"message":"cannot find type `Rocket` in this scope","code":{"code":"E0412","explanation":"A used type name is not in scope.\n\nErroneous code examples:\n\n```compile_fail,E0412\nimpl Something {} // error: type name `Something` is not in scope\n\n// or:\n\ntrait Foo {\n    fn bar(N); // error: type name `N` is not in scope\n}\n\n// or:\n\nfn foo(x: T) {} // type name `T` is not in scope\n```\n\nTo fix this error, please verify you didn't misspell the type name, you did\ndeclare it or imported it into the scope. Examples:\n\n```\nstruct Something;\n\nimpl Something {} // ok!\n\n// or:\n\ntrait Foo {\n    type N;\n\n    fn bar(_: Self::N); // ok!\n}\n\n// or:\n\nfn foo<T>(x: T) {} // ok!\n```\n\nAnother case that causes this error is when a type is imported into a parent\nmodule. To fix this, you can follow the suggestion and use File directly or\n`use super::File;` which will import the types from the parent namespace. An\nexample that causes this error is below:\n\n```compile_fail,E0412\nuse std::fs::File;\n\nmod foo {\n    fn some_function(f: File) {}\n}\n```\n\n```\nuse std::fs::File;\n\nmod foo {\n    // either\n    use super::File;\n    // or\n    // use std::fs::File;\n    fn foo(f: File) {}\n}\n# fn main() {} // don't insert it for us; that'll break imports\n```\n"},"level":"error","spans":[{"file_name":"src/main.rs","byte_start":2551,"byte_end":2557,"line_start":87,"line_end":87,"column_start":74,"column_end":80,"is_primary":true,"text":[{"text":"async fn run_db_migrations(rocket: Rocket<Build>)-> Result<Rocket<Build>,Rocket<Build>>{","highlight_start":74,"highlight_end":80}],"label":"not found in this scope","suggested_replacement":null,"suggestion_applicability":null,"expansion":null}],"children":[{"message":"consider importing this struct","code":null,"level":"help","spans":[{"file_name":"src/main.rs","byte_start":219,"byte_end":219,"line_start":15,"line_end":15,"column_start":1,"column_end":1,"is_primary":true,"text":[{"text":"use models::*;","highlight_start":1,"highlight_end":1}],"label":null,"suggested_replacement":"use rocket::Rocket;\n","suggestion_applicability":"MaybeIncorrect","expansion":null}],"children":[],"rendered":null}],"rendered":"\u001b[0m\u001b[1m\u001b[38;5;9merror[E0412]\u001b[0m\u001b[0m\u001b[1m: cannot find type `Rocket` in this scope\u001b[0m\n\u001b[0m  \u001b[0m\u001b[0m\u001b[1m\u001b[38;5;12m--> \u001b[0m\u001b[0msrc/main.rs:87:74\u001b[0m\n\u001b[0m   \u001b[0m\u001b[0m\u001b[1m\u001b[38;5;12m|\u001b[0m\n\u001b[0m\u001b[1m\u001b[38;5;12m87\u001b[0m\u001b[0m \u001b[0m\u001b[0m\u001b[1m\u001b[38;5;12m|\u001b[0m\u001b[0m \u001b[0m\u001b[0masync fn run_db_migrations(rocket: Rocket<Build>)-> Result<Rocket<Build>,Rocket<Build>>{\u001b[0m\n\u001b[0m   \u001b[0m\u001b[0m\u001b[1m\u001b[38;5;12m| \u001b[0m\u001b[0m                                                                         \u001b[0m\u001b[0m\u001b[1m\u001b[38;5;9m^^^^^^\u001b[0m\u001b[0m \u001b[0m\u001b[0m\u001b[1m\u001b[38;5;9mnot found in this scope\u001b[0m\n\u001b[0m   \u001b[0m\u001b[0m\u001b[1m\u001b[38;5;12m|\u001b[0m\n\u001b[0m\u001b[1m\u001b[38;5;14mhelp\u001b[0m\u001b[0m: consider importing this struct\u001b[0m\n\u001b[0m   \u001b[0m\u001b[0m\u001b[1m\u001b[38;5;12m|\u001b[0m\n\u001b[0m\u001b[1m\u001b[38;5;12m15\u001b[0m\u001b[0m \u001b[0m\u001b[0m\u001b[38;5;10m+ use rocket::Rocket;\u001b[0m\n\u001b[0m   \u001b[0m\u001b[0m\u001b[1m\u001b[38;5;12m|\u001b[0m\n\n"}
{"message":"cannot find type `Build` in this scope","code":{"code":"E0412","explanation":"A used type name is not in scope.\n\nErroneous code examples:\n\n```compile_fail,E0412\nimpl Something {} // error: type name `Something` is not in scope\n\n// or:\n\ntrait Foo {\n    fn bar(N); // error: type name `N` is not in scope\n}\n\n// or:\n\nfn foo(x: T) {} // type name `T` is not in scope\n```\n\nTo fix this error, please verify you didn't misspell the type name, you did\ndeclare it or imported it into the scope. Examples:\n\n```\nstruct Something;\n\nimpl Something {} // ok!\n\n// or:\n\ntrait Foo {\n    type N;\n\n    fn bar(_: Self::N); // ok!\n}\n\n// or:\n\nfn foo<T>(x: T) {} // ok!\n```\n\nAnother case that causes this error is when a type is imported into a parent\nmodule. To fix this, you can follow the suggestion and use File directly or\n`use super::File;` which will import the types from the parent namespace. An\nexample that causes this error is below:\n\n```compile_fail,E0412\nuse std::fs::File;\n\nmod foo {\n    fn some_function(f: File) {}\n}\n```\n\n```\nuse std::fs::File;\n\nmod foo {\n    // either\n    use super::File;\n    // or\n    // use std::fs::File;\n    fn foo(f: File) {}\n}\n# fn main() {} // don't insert it for us; that'll break imports\n```\n"},"level":"error","spans":[{"file_name":"src/main.rs","byte_start":2558,"byte_end":2563,"line_start":87,"line_end":87,"column_start":81,"column_end":86,"is_primary":true,"text":[{"text":"async fn run_db_migrations(rocket: Rocket<Build>)-> Result<Rocket<Build>,Rocket<Build>>{","highlight_start":81,"highlight_end":86}],"label":"not found in this scope","suggested_replacement":null,"suggestion_applicability":null,"expansion":null}],"children":[{"message":"consider importing this enum","code":null,"level":"help","spans":[{"file_name":"src/main.rs","byte_start":219,"byte_end":219,"line_start":15,"line_end":15,"column_start":1,"column_end":1,"is_primary":true,"text":[{"text":"use models::*;","highlight_start":1,"highlight_end":1}],"label":null,"suggested_replacement":"use rocket::Build;\n","suggestion_applicability":"MaybeIncorrect","expansion":null}],"children":[],"rendered":null}],"rendered":"\u001b[0m\u001b[1m\u001b[38;5;9merror[E0412]\u001b[0m\u001b[0m\u001b[1m: cannot find type `Build` in this scope\u001b[0m\n\u001b[0m  \u001b[0m\u001b[0m\u001b[1m\u001b[38;5;12m--> \u001b[0m\u001b[0msrc/main.rs:87:81\u001b[0m\n\u001b[0m   \u001b[0m\u001b[0m\u001b[1m\u001b[38;5;12m|\u001b[0m\n\u001b[0m\u001b[1m\u001b[38;5;12m87\u001b[0m\u001b[0m \u001b[0m\u001b[0m\u001b[1m\u001b[38;5;12m|\u001b[0m\u001b[0m \u001b[0m\u001b[0masync fn run_db_migrations(rocket: Rocket<Build>)-> Result<Rocket<Build>,Rocket<Build>>{\u001b[0m\n\u001b[0m   \u001b[0m\u001b[0m\u001b[1m\u001b[38;5;12m| \u001b[0m\u001b[0m                                                                                \u001b[0m\u001b[0m\u001b[1m\u001b[38;5;9m^^^^^\u001b[0m\u001b[0m \u001b[0m\u001b[0m\u001b[1m\u001b[38;5;9mnot found in this scope\u001b[0m\n\u001b[0m   \u001b[0m\u001b[0m\u001b[1m\u001b[38;5;12m|\u001b[0m\n\u001b[0m\u001b[1m\u001b[38;5;14mhelp\u001b[0m\u001b[0m: consider importing this enum\u001b[0m\n\u001b[0m   \u001b[0m\u001b[0m\u001b[1m\u001b[38;5;12m|\u001b[0m\n\u001b[0m\u001b[1m\u001b[38;5;12m15\u001b[0m\u001b[0m \u001b[0m\u001b[0m\u001b[38;5;10m+ use rocket::Build;\u001b[0m\n\u001b[0m   \u001b[0m\u001b[0m\u001b[1m\u001b[38;5;12m|\u001b[0m\n\n"}
{"message":"failed to resolve: use of undeclared crate or module `embed_migrations`","code":{"code":"E0433","explanation":"An undeclared crate, module, or type was used.\n\nErroneous code example:\n\n```compile_fail,E0433\nlet map = HashMap::new();\n// error: failed to resolve: use of undeclared type `HashMap`\n```\n\nPlease verify you didn't misspell the type/module's name or that you didn't\nforget to import it:\n\n```\nuse std::collections::HashMap; // HashMap has been imported.\nlet map: HashMap<u32, u32> = HashMap::new(); // So it can be used!\n```\n\nIf you've expected to use a crate name:\n\n```compile_fail\nuse ferris_wheel::BigO;\n// error: failed to resolve: use of undeclared crate or module `ferris_wheel`\n```\n\nMake sure the crate has been added as a dependency in `Cargo.toml`.\n\nTo use a module from your current crate, add the `crate::` prefix to the path.\n"},"level":"error","spans":[{"file_name":"src/main.rs","byte_start":2683,"byte_end":2699,"line_start":90,"line_end":90,"column_start":24,"column_end":40,"is_primary":true,"text":[{"text":"        .run(|c| match embed_migrations::run(c){","highlight_start":24,"highlight_end":40}],"label":"use of undeclared crate or module `embed_migrations`","suggested_replacement":null,"suggestion_applicability":null,"expansion":null}],"children":[{"message":"there is a crate or module with a similar name","code":null,"level":"help","spans":[{"file_name":"src/main.rs","byte_start":2683,"byte_end":2699,"line_start":90,"line_end":90,"column_start":24,"column_end":40,"is_primary":true,"text":[{"text":"        .run(|c| match embed_migrations::run(c){","highlight_start":24,"highlight_end":40}],"label":null,"suggested_replacement":"embedded_migrations","suggestion_applicability":"MaybeIncorrect","expansion":null}],"children":[],"rendered":null}],"rendered":"\u001b[0m\u001b[1m\u001b[38;5;9merror[E0433]\u001b[0m\u001b[0m\u001b[1m: failed to resolve: use of undeclared crate or module `embed_migrations`\u001b[0m\n\u001b[0m  \u001b[0m\u001b[0m\u001b[1m\u001b[38;5;12m--> \u001b[0m\u001b[0msrc/main.rs:90:24\u001b[0m\n\u001b[0m   \u001b[0m\u001b[0m\u001b[1m\u001b[38;5;12m|\u001b[0m\n\u001b[0m\u001b[1m\u001b[38;5;12m90\u001b[0m\u001b[0m \u001b[0m\u001b[0m\u001b[1m\u001b[38;5;12m|\u001b[0m\u001b[0m \u001b[0m\u001b[0m        .run(|c| match embed_migrations::run(c){\u001b[0m\n\u001b[0m   \u001b[0m\u001b[0m\u001b[1m\u001b[38;5;12m| \u001b[0m\u001b[0m                       \u001b[0m\u001b[0m\u001b[1m\u001b[38;5;9m^^^^^^^^^^^^^^^^\u001b[0m\u001b[0m \u001b[0m\u001b[0m\u001b[1m\u001b[38;5;9muse of undeclared crate or module `embed_migrations`\u001b[0m\n\u001b[0m   \u001b[0m\u001b[0m\u001b[1m\u001b[38;5;12m|\u001b[0m\n\u001b[0m\u001b[1m\u001b[38;5;14mhelp\u001b[0m\u001b[0m: there is a crate or module with a similar name\u001b[0m\n\u001b[0m   \u001b[0m\u001b[0m\u001b[1m\u001b[38;5;12m|\u001b[0m\n\u001b[0m\u001b[1m\u001b[38;5;12m90\u001b[0m\u001b[0m \u001b[0m\u001b[0m\u001b[1m\u001b[38;5;12m| \u001b[0m\u001b[0m        .run(|c| match \u001b[0m\u001b[0m\u001b[38;5;10membedded_migrations\u001b[0m\u001b[0m::run(c){\u001b[0m\n\u001b[0m   \u001b[0m\u001b[0m\u001b[1m\u001b[38;5;12m|\u001b[0m\u001b[0m                        \u001b[0m\u001b[0m\u001b[38;5;10m~~~~~~~~~~~~~~~~~~~\u001b[0m\n\n"}
{"message":"method `run` has an incompatible type for trait","code":{"code":"E0053","explanation":"The parameters of any trait method must match between a trait implementation\nand the trait definition.\n\nErroneous code example:\n\n```compile_fail,E0053\ntrait Foo {\n    fn foo(x: u16);\n    fn bar(&self);\n}\n\nstruct Bar;\n\nimpl Foo for Bar {\n    // error, expected u16, found i16\n    fn foo(x: i16) { }\n\n    // error, types differ in mutability\n    fn bar(&mut self) { }\n}\n```\n"},"level":"error","spans":[{"file_name":"/Users/abhyudaisingh/.cargo/registry/src/index.crates.io-6f17d22bba15001f/diesel_migrations-1.4.0/src/lib.rs","byte_start":6234,"byte_end":6249,"line_start":180,"line_end":180,"column_start":22,"column_end":37,"is_primary":true,"text":[{"text":"            #[derive(EmbedMigrations)]","highlight_start":22,"highlight_end":37}],"label":"expected trait `diesel::connection::SimpleConnection`, found trait `SimpleConnection`","suggested_replacement":null,"suggestion_applicability":null,"expansion":{"span":{"file_name":"/Users/abhyudaisingh/.cargo/registry/src/index.crates.io-6f17d22bba15001f/diesel_migrations-1.4.0/src/lib.rs","byte_start":6234,"byte_end":6249,"line_start":180,"line_end":180,"column_start":22,"column_end":37,"is_primary":false,"text":[{"text":"            #[derive(EmbedMigrations)]","highlight_start":22,"highlight_end":37}],"label":null,"suggested_replacement":null,"suggestion_applicability":null,"expansion":{"span":{"file_name":"src/main.rs","byte_start":535,"byte_end":554,"line_start":31,"line_end":31,"column_start":1,"column_end":20,"is_primary":false,"text":[{"text":"embed_migrations!();","highlight_start":1,"highlight_end":20}],"label":null,"suggested_replacement":null,"suggestion_applicability":null,"expansion":null},"macro_decl_name":"embed_migrations!","def_site_span":{"file_name":"/Users/abhyudaisingh/.cargo/registry/src/index.crates.io-6f17d22bba15001f/diesel_migrations-1.4.0/src/lib.rs","byte_start":6107,"byte_end":6136,"line_start":176,"line_end":176,"column_start":1,"column_end":30,"is_primary":false,"text":[{"text":"macro_rules! embed_migrations {","highlight_start":1,"highlight_end":30}],"label":null,"suggested_replacement":null,"suggestion_applicability":null,"expansion":null}}},"macro_decl_name":"#[derive(EmbedMigrations)]","def_site_span":{"file_name":"/Users/abhyudaisingh/.cargo/registry/src/index.crates.io-6f17d22bba15001f/migrations_macros-1.4.2/src/lib.rs","byte_start":1008,"byte_end":1073,"line_start":40,"line_end":40,"column_start":1,"column_end":66,"is_primary":false,"text":[{"text":"pub fn derive_embed_migrations(input: TokenStream) -> TokenStream {","highlight_start":1,"highlight_end":66}],"label":null,"suggested_replacement":null,"suggestion_applicability":null,"expansion":null}}}],"children":[{"message":"expected signature `fn(&EmbeddedMigration, &dyn diesel::connection::SimpleConnection) -> Result<_, _>`\n   found signature `fn(&EmbeddedMigration, &dyn SimpleConnection) -> Result<_, _>`","code":null,"level":"note","spans":[],"children":[],"rendered":null},{"message":"perhaps two different versions of crate `diesel` are being used?","code":null,"level":"note","spans":[],"children":[],"rendered":null}],"rendered":"\u001b[0m\u001b[1m\u001b[38;5;9merror[E0053]\u001b[0m\u001b[0m\u001b[1m: method `run` has an incompatible type for trait\u001b[0m\n\u001b[0m  \u001b[0m\u001b[0m\u001b[1m\u001b[38;5;12m--> \u001b[0m\u001b[0msrc/main.rs:31:1\u001b[0m\n\u001b[0m   \u001b[0m\u001b[0m\u001b[1m\u001b[38;5;12m|\u001b[0m\n\u001b[0m\u001b[1m\u001b[38;5;12m31\u001b[0m\u001b[0m \u001b[0m\u001b[0m\u001b[1m\u001b[38;5;12m|\u001b[0m\u001b[0m \u001b[0m\u001b[0membed_migrations!();\u001b[0m\n\u001b[0m   \u001b[0m\u001b[0m\u001b[1m\u001b[38;5;12m| \u001b[0m\u001b[0m\u001b[1m\u001b[38;5;9m^^^^^^^^^^^^^^^^^^^\u001b[0m\u001b[0m \u001b[0m\u001b[0m\u001b[1m\u001b[38;5;9mexpected trait `diesel::connection::SimpleConnection`, found trait `SimpleConnection`\u001b[0m\n\u001b[0m   \u001b[0m\u001b[0m\u001b[1m\u001b[38;5;12m|\u001b[0m\n\u001b[0m   \u001b[0m\u001b[0m\u001b[1m\u001b[38;5;12m= \u001b[0m\u001b[0m\u001b[1mnote\u001b[0m\u001b[0m: expected signature `fn(\u001b[0m\u001b[0m\u001b[1m&\u001b[0m\u001b[0mEmbeddedMigration, \u001b[0m\u001b[0m\u001b[1m&dyn diesel::connection::SimpleConnection\u001b[0m\u001b[0m) -> Result<_, _>`\u001b[0m\n\u001b[0m              found signature `fn(\u001b[0m\u001b[0m\u001b[1m&\u001b[0m\u001b[0mEmbeddedMigration, \u001b[0m\u001b[0m\u001b[1m&dyn SimpleConnection\u001b[0m\u001b[0m) -> Result<_, _>`\u001b[0m\n\u001b[0m   \u001b[0m\u001b[0m\u001b[1m\u001b[38;5;12m= \u001b[0m\u001b[0m\u001b[1mnote\u001b[0m\u001b[0m: perhaps two different versions of crate `diesel` are being used?\u001b[0m\n\u001b[0m   \u001b[0m\u001b[0m\u001b[1m\u001b[38;5;12m= \u001b[0m\u001b[0m\u001b[1mnote\u001b[0m\u001b[0m: this error originates in the derive macro `EmbedMigrations` which comes from the expansion of the macro `embed_migrations` (in Nightly builds, run with -Z macro-backtrace for more info)\u001b[0m\n\n"}
{"message":"method `revert` has an incompatible type for trait","code":{"code":"E0053","explanation":"The parameters of any trait method must match between a trait implementation\nand the trait definition.\n\nErroneous code example:\n\n```compile_fail,E0053\ntrait Foo {\n    fn foo(x: u16);\n    fn bar(&self);\n}\n\nstruct Bar;\n\nimpl Foo for Bar {\n    // error, expected u16, found i16\n    fn foo(x: i16) { }\n\n    // error, types differ in mutability\n    fn bar(&mut self) { }\n}\n```\n"},"level":"error","spans":[{"file_name":"/Users/abhyudaisingh/.cargo/registry/src/index.crates.io-6f17d22bba15001f/diesel_migrations-1.4.0/src/lib.rs","byte_start":6234,"byte_end":6249,"line_start":180,"line_end":180,"column_start":22,"column_end":37,"is_primary":true,"text":[{"text":"            #[derive(EmbedMigrations)]","highlight_start":22,"highlight_end":37}],"label":"expected trait `diesel::connection::SimpleConnection`, found trait `SimpleConnection`","suggested_replacement":null,"suggestion_applicability":null,"expansion":{"span":{"file_name":"/Users/abhyudaisingh/.cargo/registry/src/index.crates.io-6f17d22bba15001f/diesel_migrations-1.4.0/src/lib.rs","byte_start":6234,"byte_end":6249,"line_start":180,"line_end":180,"column_start":22,"column_end":37,"is_primary":false,"text":[{"text":"            #[derive(EmbedMigrations)]","highlight_start":22,"highlight_end":37}],"label":null,"suggested_replacement":null,"suggestion_applicability":null,"expansion":{"span":{"file_name":"src/main.rs","byte_start":535,"byte_end":554,"line_start":31,"line_end":31,"column_start":1,"column_end":20,"is_primary":false,"text":[{"text":"embed_migrations!();","highlight_start":1,"highlight_end":20}],"label":null,"suggested_replacement":null,"suggestion_applicability":null,"expansion":null},"macro_decl_name":"embed_migrations!","def_site_span":{"file_name":"/Users/abhyudaisingh/.cargo/registry/src/index.crates.io-6f17d22bba15001f/diesel_migrations-1.4.0/src/lib.rs","byte_start":6107,"byte_end":6136,"line_start":176,"line_end":176,"column_start":1,"column_end":30,"is_primary":false,"text":[{"text":"macro_rules! embed_migrations {","highlight_start":1,"highlight_end":30}],"label":null,"suggested_replacement":null,"suggestion_applicability":null,"expansion":null}}},"macro_decl_name":"#[derive(EmbedMigrations)]","def_site_span":{"file_name":"/Users/abhyudaisingh/.cargo/registry/src/index.crates.io-6f17d22bba15001f/migrations_macros-1.4.2/src/lib.rs","byte_start":1008,"byte_end":1073,"line_start":40,"line_end":40,"column_start":1,"column_end":66,"is_primary":false,"text":[{"text":"pub fn derive_embed_migrations(input: TokenStream) -> TokenStream {","highlight_start":1,"highlight_end":66}],"label":null,"suggested_replacement":null,"suggestion_applicability":null,"expansion":null}}}],"children":[{"message":"expected signature `fn(&EmbeddedMigration, &dyn diesel::connection::SimpleConnection) -> Result<_, _>`\n   found signature `fn(&EmbeddedMigration, &dyn SimpleConnection) -> Result<_, _>`","code":null,"level":"note","spans":[],"children":[],"rendered":null},{"message":"perhaps two different versions of crate `diesel` are being used?","code":null,"level":"note","spans":[],"children":[],"rendered":null}],"rendered":"\u001b[0m\u001b[1m\u001b[38;5;9merror[E0053]\u001b[0m\u001b[0m\u001b[1m: method `revert` has an incompatible type for trait\u001b[0m\n\u001b[0m  \u001b[0m\u001b[0m\u001b[1m\u001b[38;5;12m--> \u001b[0m\u001b[0msrc/main.rs:31:1\u001b[0m\n\u001b[0m   \u001b[0m\u001b[0m\u001b[1m\u001b[38;5;12m|\u001b[0m\n\u001b[0m\u001b[1m\u001b[38;5;12m31\u001b[0m\u001b[0m \u001b[0m\u001b[0m\u001b[1m\u001b[38;5;12m|\u001b[0m\u001b[0m \u001b[0m\u001b[0membed_migrations!();\u001b[0m\n\u001b[0m   \u001b[0m\u001b[0m\u001b[1m\u001b[38;5;12m| \u001b[0m\u001b[0m\u001b[1m\u001b[38;5;9m^^^^^^^^^^^^^^^^^^^\u001b[0m\u001b[0m \u001b[0m\u001b[0m\u001b[1m\u001b[38;5;9mexpected trait `diesel::connection::SimpleConnection`, found trait `SimpleConnection`\u001b[0m\n\u001b[0m   \u001b[0m\u001b[0m\u001b[1m\u001b[38;5;12m|\u001b[0m\n\u001b[0m   \u001b[0m\u001b[0m\u001b[1m\u001b[38;5;12m= \u001b[0m\u001b[0m\u001b[1mnote\u001b[0m\u001b[0m: expected signature `fn(\u001b[0m\u001b[0m\u001b[1m&\u001b[0m\u001b[0mEmbeddedMigration, \u001b[0m\u001b[0m\u001b[1m&dyn diesel::connection::SimpleConnection\u001b[0m\u001b[0m) -> Result<_, _>`\u001b[0m\n\u001b[0m              found signature `fn(\u001b[0m\u001b[0m\u001b[1m&\u001b[0m\u001b[0mEmbeddedMigration, \u001b[0m\u001b[0m\u001b[1m&dyn SimpleConnection\u001b[0m\u001b[0m) -> Result<_, _>`\u001b[0m\n\u001b[0m   \u001b[0m\u001b[0m\u001b[1m\u001b[38;5;12m= \u001b[0m\u001b[0m\u001b[1mnote\u001b[0m\u001b[0m: perhaps two different versions of crate `diesel` are being used?\u001b[0m\n\u001b[0m   \u001b[0m\u001b[0m\u001b[1m\u001b[38;5;12m= \u001b[0m\u001b[0m\u001b[1mnote\u001b[0m\u001b[0m: this error originates in the derive macro `EmbedMigrations` which comes from the expansion of the macro `embed_migrations` (in Nightly builds, run with -Z macro-backtrace for more info)\u001b[0m\n\n"}
{"message":"the trait bound `diesel_migrations::RunMigrationsError: From<diesel::result::Error>` is not satisfied","code":{"code":"E0277","explanation":"You tried to use a type which doesn't implement some trait in a place which\nexpected that trait.\n\nErroneous code example:\n\n```compile_fail,E0277\n// here we declare the Foo trait with a bar method\ntrait Foo {\n    fn bar(&self);\n}\n\n// we now declare a function which takes an object implementing the Foo trait\nfn some_func<T: Foo>(foo: T) {\n    foo.bar();\n}\n\nfn main() {\n    // we now call the method with the i32 type, which doesn't implement\n    // the Foo trait\n    some_func(5i32); // error: the trait bound `i32 : Foo` is not satisfied\n}\n```\n\nIn order to fix this error, verify that the type you're using does implement\nthe trait. Example:\n\n```\ntrait Foo {\n    fn bar(&self);\n}\n\n// we implement the trait on the i32 type\nimpl Foo for i32 {\n    fn bar(&self) {}\n}\n\nfn some_func<T: Foo>(foo: T) {\n    foo.bar(); // we can now use this method since i32 implements the\n               // Foo trait\n}\n\nfn main() {\n    some_func(5i32); // ok!\n}\n```\n\nOr in a generic context, an erroneous code example would look like:\n\n```compile_fail,E0277\nfn some_func<T>(foo: T) {\n    println!(\"{:?}\", foo); // error: the trait `core::fmt::Debug` is not\n                           //        implemented for the type `T`\n}\n\nfn main() {\n    // We now call the method with the i32 type,\n    // which *does* implement the Debug trait.\n    some_func(5i32);\n}\n```\n\nNote that the error here is in the definition of the generic function. Although\nwe only call it with a parameter that does implement `Debug`, the compiler\nstill rejects the function. It must work with all possible input types. In\norder to make this example compile, we need to restrict the generic type we're\naccepting:\n\n```\nuse std::fmt;\n\n// Restrict the input type to types that implement Debug.\nfn some_func<T: fmt::Debug>(foo: T) {\n    println!(\"{:?}\", foo);\n}\n\nfn main() {\n    // Calling the method is still fine, as i32 implements Debug.\n    some_func(5i32);\n\n    // This would fail to compile now:\n    // struct WithoutDebug;\n    // some_func(WithoutDebug);\n}\n```\n\nRust only looks at the signature of the called function, as such it must\nalready specify all requirements that will be used for every type parameter.\n"},"level":"error","spans":[{"file_name":"/Users/abhyudaisingh/.cargo/registry/src/index.crates.io-6f17d22bba15001f/diesel_migrations-1.4.0/src/lib.rs","byte_start":6234,"byte_end":6249,"line_start":180,"line_end":180,"column_start":22,"column_end":37,"is_primary":true,"text":[{"text":"            #[derive(EmbedMigrations)]","highlight_start":22,"highlight_end":37}],"label":"the trait `From<diesel::result::Error>` is not implemented for `diesel_migrations::RunMigrationsError`","suggested_replacement":null,"suggestion_applicability":null,"expansion":{"span":{"file_name":"/Users/abhyudaisingh/.cargo/registry/src/index.crates.io-6f17d22bba15001f/diesel_migrations-1.4.0/src/lib.rs","byte_start":6234,"byte_end":6249,"line_start":180,"line_end":180,"column_start":22,"column_end":37,"is_primary":false,"text":[{"text":"            #[derive(EmbedMigrations)]","highlight_start":22,"highlight_end":37}],"label":null,"suggested_replacement":null,"suggestion_applicability":null,"expansion":{"span":{"file_name":"src/main.rs","byte_start":535,"byte_end":554,"line_start":31,"line_end":31,"column_start":1,"column_end":20,"is_primary":false,"text":[{"text":"embed_migrations!();","highlight_start":1,"highlight_end":20}],"label":null,"suggested_replacement":null,"suggestion_applicability":null,"expansion":null},"macro_decl_name":"embed_migrations!","def_site_span":{"file_name":"/Users/abhyudaisingh/.cargo/registry/src/index.crates.io-6f17d22bba15001f/diesel_migrations-1.4.0/src/lib.rs","byte_start":6107,"byte_end":6136,"line_start":176,"line_end":176,"column_start":1,"column_end":30,"is_primary":false,"text":[{"text":"macro_rules! embed_migrations {","highlight_start":1,"highlight_end":30}],"label":null,"suggested_replacement":null,"suggestion_applicability":null,"expansion":null}}},"macro_decl_name":"#[derive(EmbedMigrations)]","def_site_span":{"file_name":"/Users/abhyudaisingh/.cargo/registry/src/index.crates.io-6f17d22bba15001f/migrations_macros-1.4.2/src/lib.rs","byte_start":1008,"byte_end":1073,"line_start":40,"line_end":40,"column_start":1,"column_end":66,"is_primary":false,"text":[{"text":"pub fn derive_embed_migrations(input: TokenStream) -> TokenStream {","highlight_start":1,"highlight_end":66}],"label":null,"suggested_replacement":null,"suggestion_applicability":null,"expansion":null}}}],"children":[{"message":"the following other types implement trait `From<T>`:\n  <diesel_migrations::RunMigrationsError as From<std::io::Error>>\n  <diesel_migrations::RunMigrationsError as From<diesel::result::Error>>\n  <diesel_migrations::RunMigrationsError as From<diesel_migrations::MigrationError>>","code":null,"level":"help","spans":[],"children":[],"rendered":null},{"message":"required for `diesel::result::Error` to implement `Into<diesel_migrations::RunMigrationsError>`","code":null,"level":"note","spans":[],"children":[],"rendered":null}],"rendered":"\u001b[0m\u001b[1m\u001b[38;5;9merror[E0277]\u001b[0m\u001b[0m\u001b[1m: the trait bound `diesel_migrations::RunMigrationsError: From<diesel::result::Error>` is not satisfied\u001b[0m\n\u001b[0m  \u001b[0m\u001b[0m\u001b[1m\u001b[38;5;12m--> \u001b[0m\u001b[0msrc/main.rs:31:1\u001b[0m\n\u001b[0m   \u001b[0m\u001b[0m\u001b[1m\u001b[38;5;12m|\u001b[0m\n\u001b[0m\u001b[1m\u001b[38;5;12m31\u001b[0m\u001b[0m \u001b[0m\u001b[0m\u001b[1m\u001b[38;5;12m|\u001b[0m\u001b[0m \u001b[0m\u001b[0membed_migrations!();\u001b[0m\n\u001b[0m   \u001b[0m\u001b[0m\u001b[1m\u001b[38;5;12m| \u001b[0m\u001b[0m\u001b[1m\u001b[38;5;9m^^^^^^^^^^^^^^^^^^^\u001b[0m\u001b[0m \u001b[0m\u001b[0m\u001b[1m\u001b[38;5;9mthe trait `From<diesel::result::Error>` is not implemented for `diesel_migrations::RunMigrationsError`\u001b[0m\n\u001b[0m   \u001b[0m\u001b[0m\u001b[1m\u001b[38;5;12m|\u001b[0m\n\u001b[0m   \u001b[0m\u001b[0m\u001b[1m\u001b[38;5;12m= \u001b[0m\u001b[0m\u001b[1mhelp\u001b[0m\u001b[0m: the following other types implement trait `From<T>`:\u001b[0m\n\u001b[0m             <diesel_migrations::RunMigrationsError as From<std::io::Error>>\u001b[0m\n\u001b[0m             <diesel_migrations::RunMigrationsError as From<diesel::result::Error>>\u001b[0m\n\u001b[0m             <diesel_migrations::RunMigrationsError as From<diesel_migrations::MigrationError>>\u001b[0m\n\u001b[0m   \u001b[0m\u001b[0m\u001b[1m\u001b[38;5;12m= \u001b[0m\u001b[0m\u001b[1mnote\u001b[0m\u001b[0m: required for `diesel::result::Error` to implement `Into<diesel_migrations::RunMigrationsError>`\u001b[0m\n\u001b[0m   \u001b[0m\u001b[0m\u001b[1m\u001b[38;5;12m= \u001b[0m\u001b[0m\u001b[1mnote\u001b[0m\u001b[0m: this error originates in the derive macro `EmbedMigrations` which comes from the expansion of the macro `embed_migrations` (in Nightly builds, run with -Z macro-backtrace for more info)\u001b[0m\n\n"}
{"message":"cannot check whether the hidden type of opaque type satisfies auto traits","code":null,"level":"error","spans":[{"file_name":"src/main.rs","byte_start":3187,"byte_end":3207,"line_start":112,"line_end":112,"column_start":13,"column_end":33,"is_primary":true,"text":[{"text":"    .attach(AdHoc::try_on_ignite(\"Running Db migrations\",run_db_migrations))","highlight_start":13,"highlight_end":33}],"label":null,"suggested_replacement":null,"suggestion_applicability":null,"expansion":null}],"children":[{"message":"opaque type is declared here","code":null,"level":"note","spans":[{"file_name":"src/main.rs","byte_start":2530,"byte_end":2565,"line_start":87,"line_end":87,"column_start":53,"column_end":88,"is_primary":true,"text":[{"text":"async fn run_db_migrations(rocket: Rocket<Build>)-> Result<Rocket<Build>,Rocket<Build>>{","highlight_start":53,"highlight_end":88}],"label":null,"suggested_replacement":null,"suggestion_applicability":null,"expansion":{"span":{"file_name":"src/main.rs","byte_start":2530,"byte_end":2565,"line_start":87,"line_end":87,"column_start":53,"column_end":88,"is_primary":false,"text":[{"text":"async fn run_db_migrations(rocket: Rocket<Build>)-> Result<Rocket<Build>,Rocket<Build>>{","highlight_start":53,"highlight_end":88}],"label":null,"suggested_replacement":null,"suggestion_applicability":null,"expansion":null},"macro_decl_name":"desugaring of `async` block or function","def_site_span":{"file_name":"src/main.rs","byte_start":0,"byte_end":0,"line_start":1,"line_end":1,"column_start":1,"column_end":1,"is_primary":false,"text":[],"label":null,"suggested_replacement":null,"suggestion_applicability":null,"expansion":null}}}],"children":[],"rendered":null},{"message":"this item depends on auto traits of the hidden type, but may also be registering the hidden type. This is not supported right now. You can try moving the opaque type and the item that actually registers a hidden type into a new submodule","code":null,"level":"note","spans":[{"file_name":"src/main.rs","byte_start":2892,"byte_end":2896,"line_start":99,"line_end":99,"column_start":10,"column_end":14,"is_primary":true,"text":[{"text":"async fn main(){","highlight_start":10,"highlight_end":14}],"label":null,"suggested_replacement":null,"suggestion_applicability":null,"expansion":null}],"children":[],"rendered":null},{"message":"required by a bound in `AdHoc::try_on_ignite`","code":null,"level":"note","spans":[{"file_name":"/Users/abhyudaisingh/.cargo/registry/src/index.crates.io-6f17d22bba15001f/rocket-0.5.0-rc.3/src/fairing/ad_hoc.rs","byte_start":4024,"byte_end":4037,"line_start":112,"line_end":112,"column_start":12,"column_end":25,"is_primary":false,"text":[{"text":"    pub fn try_on_ignite<F, Fut>(name: &'static str, f: F) -> AdHoc","highlight_start":12,"highlight_end":25}],"label":"required by a bound in this associated function","suggested_replacement":null,"suggestion_applicability":null,"expansion":null},{"file_name":"/Users/abhyudaisingh/.cargo/registry/src/index.crates.io-6f17d22bba15001f/rocket-0.5.0-rc.3/src/fairing/ad_hoc.rs","byte_start":4190,"byte_end":4194,"line_start":114,"line_end":114,"column_start":46,"column_end":50,"is_primary":true,"text":[{"text":"              Fut: Future<Output = Result> + Send + 'static,","highlight_start":46,"highlight_end":50}],"label":"required by this bound in `AdHoc::try_on_ignite`","suggested_replacement":null,"suggestion_applicability":null,"expansion":null}],"children":[],"rendered":null}],"rendered":"\u001b[0m\u001b[1m\u001b[38;5;9merror\u001b[0m\u001b[0m\u001b[1m: cannot check whether the hidden type of opaque type satisfies auto traits\u001b[0m\n\u001b[0m   \u001b[0m\u001b[0m\u001b[1m\u001b[38;5;12m--> \u001b[0m\u001b[0msrc/main.rs:112:13\u001b[0m\n\u001b[0m    \u001b[0m\u001b[0m\u001b[1m\u001b[38;5;12m|\u001b[0m\n\u001b[0m\u001b[1m\u001b[38;5;12m112\u001b[0m\u001b[0m \u001b[0m\u001b[0m\u001b[1m\u001b[38;5;12m|\u001b[0m\u001b[0m \u001b[0m\u001b[0m    .attach(AdHoc::try_on_ignite(\"Running Db migrations\",run_db_migrations))\u001b[0m\n\u001b[0m    \u001b[0m\u001b[0m\u001b[1m\u001b[38;5;12m| \u001b[0m\u001b[0m            \u001b[0m\u001b[0m\u001b[1m\u001b[38;5;9m^^^^^^^^^^^^^^^^^^^^\u001b[0m\n\u001b[0m    \u001b[0m\u001b[0m\u001b[1m\u001b[38;5;12m|\u001b[0m\n\u001b[0m\u001b[1m\u001b[38;5;10mnote\u001b[0m\u001b[0m: opaque type is declared here\u001b[0m\n\u001b[0m   \u001b[0m\u001b[0m\u001b[1m\u001b[38;5;12m--> \u001b[0m\u001b[0msrc/main.rs:87:53\u001b[0m\n\u001b[0m    \u001b[0m\u001b[0m\u001b[1m\u001b[38;5;12m|\u001b[0m\n\u001b[0m\u001b[1m\u001b[38;5;12m87\u001b[0m\u001b[0m  \u001b[0m\u001b[0m\u001b[1m\u001b[38;5;12m|\u001b[0m\u001b[0m \u001b[0m\u001b[0masync fn run_db_migrations(rocket: Rocket<Build>)-> Result<Rocket<Build>,Rocket<Build>>{\u001b[0m\n\u001b[0m    \u001b[0m\u001b[0m\u001b[1m\u001b[38;5;12m| \u001b[0m\u001b[0m                                                    \u001b[0m\u001b[0m\u001b[1m\u001b[38;5;10m^^^^^^^^^^^^^^^^^^^^^^^^^^^^^^^^^^^\u001b[0m\n\u001b[0m\u001b[1m\u001b[38;5;10mnote\u001b[0m\u001b[0m: this item depends on auto traits of the hidden type, but may also be registering the hidden type. This is not supported right now. You can try moving the opaque type and the item that actually registers a hidden type into a new submodule\u001b[0m\n\u001b[0m   \u001b[0m\u001b[0m\u001b[1m\u001b[38;5;12m--> \u001b[0m\u001b[0msrc/main.rs:99:10\u001b[0m\n\u001b[0m    \u001b[0m\u001b[0m\u001b[1m\u001b[38;5;12m|\u001b[0m\n\u001b[0m\u001b[1m\u001b[38;5;12m99\u001b[0m\u001b[0m  \u001b[0m\u001b[0m\u001b[1m\u001b[38;5;12m|\u001b[0m\u001b[0m \u001b[0m\u001b[0masync fn main(){\u001b[0m\n\u001b[0m    \u001b[0m\u001b[0m\u001b[1m\u001b[38;5;12m| \u001b[0m\u001b[0m         \u001b[0m\u001b[0m\u001b[1m\u001b[38;5;10m^^^^\u001b[0m\n\u001b[0m\u001b[1m\u001b[38;5;10mnote\u001b[0m\u001b[0m: required by a bound in `AdHoc::try_on_ignite`\u001b[0m\n\u001b[0m   \u001b[0m\u001b[0m\u001b[1m\u001b[38;5;12m--> \u001b[0m\u001b[0m/Users/abhyudaisingh/.cargo/registry/src/index.crates.io-6f17d22bba15001f/rocket-0.5.0-rc.3/src/fairing/ad_hoc.rs:114:46\u001b[0m\n\u001b[0m    \u001b[0m\u001b[0m\u001b[1m\u001b[38;5;12m|\u001b[0m\n\u001b[0m\u001b[1m\u001b[38;5;12m112\u001b[0m\u001b[0m \u001b[0m\u001b[0m\u001b[1m\u001b[38;5;12m|\u001b[0m\u001b[0m \u001b[0m\u001b[0m    pub fn try_on_ignite<F, Fut>(name: &'static str, f: F) -> AdHoc\u001b[0m\n\u001b[0m    \u001b[0m\u001b[0m\u001b[1m\u001b[38;5;12m| \u001b[0m\u001b[0m           \u001b[0m\u001b[0m\u001b[1m\u001b[38;5;12m-------------\u001b[0m\u001b[0m \u001b[0m\u001b[0m\u001b[1m\u001b[38;5;12mrequired by a bound in this associated function\u001b[0m\n\u001b[0m\u001b[1m\u001b[38;5;12m113\u001b[0m\u001b[0m \u001b[0m\u001b[0m\u001b[1m\u001b[38;5;12m|\u001b[0m\u001b[0m \u001b[0m\u001b[0m        where F: FnOnce(Rocket<Build>) -> Fut + Send + 'static,\u001b[0m\n\u001b[0m\u001b[1m\u001b[38;5;12m114\u001b[0m\u001b[0m \u001b[0m\u001b[0m\u001b[1m\u001b[38;5;12m|\u001b[0m\u001b[0m \u001b[0m\u001b[0m              Fut: Future<Output = Result> + Send + 'static,\u001b[0m\n\u001b[0m    \u001b[0m\u001b[0m\u001b[1m\u001b[38;5;12m| \u001b[0m\u001b[0m                                             \u001b[0m\u001b[0m\u001b[1m\u001b[38;5;10m^^^^\u001b[0m\u001b[0m \u001b[0m\u001b[0m\u001b[1m\u001b[38;5;10mrequired by this bound in `AdHoc::try_on_ignite`\u001b[0m\n\n"}
{"message":"aborting due to 11 previous errors","code":null,"level":"error","spans":[],"children":[],"rendered":"\u001b[0m\u001b[1m\u001b[38;5;9merror\u001b[0m\u001b[0m\u001b[1m: aborting due to 11 previous errors\u001b[0m\n\n"}
{"message":"Some errors have detailed explanations: E0053, E0277, E0412, E0433.","code":null,"level":"failure-note","spans":[],"children":[],"rendered":"\u001b[0m\u001b[1mSome errors have detailed explanations: E0053, E0277, E0412, E0433.\u001b[0m\n"}
{"message":"For more information about an error, try `rustc --explain E0053`.","code":null,"level":"failure-note","spans":[],"children":[],"rendered":"\u001b[0m\u001b[1mFor more information about an error, try `rustc --explain E0053`.\u001b[0m\n"}
